<?xml version="1.0" encoding="UTF-8"?>
<testng-results ignored="2" total="3" passed="1" failed="0" skipped="0">
  <reporter-output>
  </reporter-output>
  <suite started-at="2025-05-23T11:26:23 IST" name="Excel Based Suite" finished-at="2025-05-23T11:26:52 IST" duration-ms="28726">
    <groups>
      <group name="loginTest2">
        <method signature="TestCases.loginTest2()[pri:0, instance:testCases.TestCases@1fc793c2]" name="loginTest2" class="testCases.TestCases"/>
      </group> <!-- loginTest2 -->
    </groups>
    <test started-at="2025-05-23T11:26:23 IST" name="Excel Based Regression Testing" finished-at="2025-05-23T11:26:52 IST" duration-ms="28726">
      <class name="testCases.TestCases">
        <test-method is-config="true" signature="start()[pri:0, instance:testCases.TestCases@1fc793c2]" started-at="2025-05-23T11:26:23 IST" name="start" finished-at="2025-05-23T11:26:23 IST" duration-ms="13" status="PASS">
          <reporter-output>
          </reporter-output>
        </test-method> <!-- start -->
        <test-method is-config="true" signature="setUp()[pri:0, instance:testCases.TestCases@1fc793c2]" started-at="2025-05-23T11:26:23 IST" name="setUp" finished-at="2025-05-23T11:26:46 IST" duration-ms="23016" status="PASS">
          <reporter-output>
          </reporter-output>
        </test-method> <!-- setUp -->
        <test-method signature="loginTest2()[pri:0, instance:testCases.TestCases@1fc793c2]" started-at="2025-05-23T11:26:46 IST" name="loginTest2" finished-at="2025-05-23T11:26:51 IST" duration-ms="5026" status="PASS">
          <reporter-output>
          </reporter-output>
        </test-method> <!-- loginTest2 -->
        <test-method is-config="true" signature="TakeDown()[pri:0, instance:testCases.TestCases@1fc793c2]" started-at="2025-05-23T11:26:51 IST" name="TakeDown" finished-at="2025-05-23T11:26:52 IST" duration-ms="626" status="PASS">
          <reporter-output>
          </reporter-output>
        </test-method> <!-- TakeDown -->
        <test-method is-config="true" signature="stop()[pri:0, instance:testCases.TestCases@1fc793c2]" started-at="2025-05-23T11:26:52 IST" name="stop" finished-at="2025-05-23T11:26:52 IST" duration-ms="2" status="PASS">
          <reporter-output>
          </reporter-output>
        </test-method> <!-- stop -->
      </class> <!-- testCases.TestCases -->
    </test> <!-- Excel Based Regression Testing -->
  </suite> <!-- Excel Based Suite -->
</testng-results>
