<?xml version="1.0" encoding="UTF-8"?>
<!-- Generated by org.testng.reporters.JUnitXMLReporter -->
<testsuite ignored="2" hostname="PrathameshLad" failures="0" tests="1" name="Excel Based Regression Testing" time="28.726" errors="0" timestamp="2025-05-23T11:26:52 IST">
  <testcase classname="testCases.TestCases" name="loginTest2" time="5.026"/>
  <testcase classname="testCases.TestCases" name="loginTest3" time="0.0">
    <ignored/>
  </testcase> <!-- loginTest3 -->
  <testcase classname="testCases.TestCases" name="loginTest" time="0.0">
    <ignored/>
  </testcase> <!-- loginTest -->
</testsuite> <!-- Excel Based Regression Testing -->
